[2025-07-03 18:47:44] Process Killer Started
[2025-07-03 18:48:57] Process Killer Started
[2025-07-03 18:50:56] Process Killer Started
[2025-07-03 18:53:42] Process Killer Started
[2025-07-03 19:01:15] Process Killer Started
[2025-07-04 05:33:59] Process Killer Started
[2025-07-06 14:57:42] Process Killer Started
[2025-07-07 14:39:13] Process Killer Started
[2025-07-07 16:27:46] Process Killer Started

[2025-07-07 16:27:46] Process Killer Script completed.
[2025-07-07 16:35:39] Process Killer Started
[2025-07-07 16:35:39] Auto-killed PID 4537 (ps) - CPU: 200%, MEM: 0.0%

[2025-07-07 16:35:39] Process Killer Script completed.
[2025-07-07 16:51:35] Process Killer Started
[2025-07-07 16:51:35] Auto-killed PID 5997 (ps) - CPU: 200%, MEM: 0.0%

[2025-07-07 16:51:35] Process Killer Script completed.
[2025-07-07 16:54:36] Process Killer Started
[2025-07-07 16:54:36] Auto-killed PID 7265 (sudo) - CPU: 12.5%, MEM: 0.0%
[2025-07-07 16:54:45] Process Killer Started
[2025-07-07 16:54:45] Auto-killed PID 8527 (ps) - CPU: 300%, MEM: 0.0%

[2025-07-07 16:54:45] Process Killer Script completed.
[2025-07-07 17:09:56] Process Killer Started
[2025-07-07 17:09:56] Auto-killed PID 9952 (ps) - CPU: 100%, MEM: 0.0%

[2025-07-07 17:09:56] Process Killer Script completed.
[2025-07-07 17:23:12] Process Killer Started
[2025-07-07 17:23:12] Auto-killed PID 11673 (ps) - CPU: 200%, MEM: 0.0%

[2025-07-07 17:23:12] Process Killer Script completed.
[2025-07-08 03:50:02] Process Killer Started
[2025-07-08 03:50:02] Auto-killed PID 1200 (java) - CPU: 51.1%, MEM: 10.2%
[2025-07-08 03:50:02] Auto-killed PID 2344 (ps) - CPU: 200%, MEM: 0.0%

[2025-07-08 03:50:02] Process Killer Script completed.
[2025-07-08 13:03:23] Process Killer Started
[2025-07-08 13:03:23] Auto-killed PID 1187 (java) - CPU: 11.0%, MEM: 5.6%
[2025-07-08 13:03:23] Auto-killed PID 2366 (ps) - CPU: 300%, MEM: 0.0%

[2025-07-08 13:03:23] Process Killer Script completed.
